hipcc -c -O3 -D__HIP_PLATFORM_AMD__ -ffast-math JSphGpu_ker.cu
In file included from JSphGpu_ker.cu:22:
In file included from ./JSphGpu_ker.h:30:
In file included from ./DualSphDef.h:24:
./TypesDef.h:574:10: warning: enumeration values 'TypeNull' and 'TypeText' not handled in switch [-Wswitch]
  switch(type){
         ^~~~
In file included from JSphGpu_ker.cu:22:
In file included from ./JSphGpu_ker.h:30:
In file included from ./DualSphDef.h:26:
./JParticlesDef.h:54:10: warning: enumeration value 'TpPartUnknown' not handled in switch [-Wswitch]
  switch(type){
         ^~~~
In file included from JSphGpu_ker.cu:22:
In file included from ./JSphGpu_ker.h:30:
./DualSphDef.h:485:10: warning: enumeration value 'CELLMODE_None' not handled in switch [-Wswitch]
  switch(cellmode){
         ^~~~~~~~
3 warnings generated when compiling for gfx90a.
In file included from JSphGpu_ker.cu:22:
In file included from ./JSphGpu_ker.h:30:
In file included from ./DualSphDef.h:24:
./TypesDef.h:574:10: warning: enumeration values 'TypeNull' and 'TypeText' not handled in switch [-Wswitch]
  switch(type){
         ^~~~
In file included from JSphGpu_ker.cu:22:
In file included from ./JSphGpu_ker.h:30:
In file included from ./DualSphDef.h:26:
./JParticlesDef.h:54:10: warning: enumeration value 'TpPartUnknown' not handled in switch [-Wswitch]
  switch(type){
         ^~~~
In file included from JSphGpu_ker.cu:22:
In file included from ./JSphGpu_ker.h:30:
./DualSphDef.h:485:10: warning: enumeration value 'CELLMODE_None' not handled in switch [-Wswitch]
  switch(cellmode){
         ^~~~~~~~
3 warnings generated when compiling for host.
hipcc -c -O3 -D__HIP_PLATFORM_AMD__ -ffast-math JSphGpuSimple_ker.cu
In file included from JSphGpuSimple_ker.cu:22:
In file included from ./JSphGpuSimple_ker.h:24:
In file included from ./DualSphDef.h:24:
./TypesDef.h:574:10: warning: enumeration values 'TypeNull' and 'TypeText' not handled in switch [-Wswitch]
  switch(type){
         ^~~~
In file included from JSphGpuSimple_ker.cu:22:
In file included from ./JSphGpuSimple_ker.h:24:
In file included from ./DualSphDef.h:26:
./JParticlesDef.h:54:10: warning: enumeration value 'TpPartUnknown' not handled in switch [-Wswitch]
  switch(type){
         ^~~~
In file included from JSphGpuSimple_ker.cu:22:
In file included from ./JSphGpuSimple_ker.h:24:
./DualSphDef.h:485:10: warning: enumeration value 'CELLMODE_None' not handled in switch [-Wswitch]
  switch(cellmode){
         ^~~~~~~~
3 warnings generated when compiling for gfx90a.
In file included from JSphGpuSimple_ker.cu:22:
In file included from ./JSphGpuSimple_ker.h:24:
In file included from ./DualSphDef.h:24:
./TypesDef.h:574:10: warning: enumeration values 'TypeNull' and 'TypeText' not handled in switch [-Wswitch]
  switch(type){
         ^~~~
In file included from JSphGpuSimple_ker.cu:22:
In file included from ./JSphGpuSimple_ker.h:24:
In file included from ./DualSphDef.h:26:
./JParticlesDef.h:54:10: warning: enumeration value 'TpPartUnknown' not handled in switch [-Wswitch]
  switch(type){
         ^~~~
In file included from JSphGpuSimple_ker.cu:22:
In file included from ./JSphGpuSimple_ker.h:24:
./DualSphDef.h:485:10: warning: enumeration value 'CELLMODE_None' not handled in switch [-Wswitch]
  switch(cellmode){
         ^~~~~~~~
3 warnings generated when compiling for host.
hipcc -c -O3 -D__HIP_PLATFORM_AMD__ -ffast-math JWaveOrder2_ker.cu
In file included from JWaveOrder2_ker.cu:24:
In file included from ./Functions.h:113:
./TypesDef.h:574:10: warning: enumeration values 'TypeNull' and 'TypeText' not handled in switch [-Wswitch]
  switch(type){
         ^~~~
1 warning generated when compiling for gfx90a.
In file included from JWaveOrder2_ker.cu:24:
In file included from ./Functions.h:113:
./TypesDef.h:574:10: warning: enumeration values 'TypeNull' and 'TypeText' not handled in switch [-Wswitch]
  switch(type){
         ^~~~
1 warning generated when compiling for host.
CC  -c -O3 -fopenmp -D_WITHGPU -std=c++0x -D__HIP_PLATFORM_AMD__ -ffast-math -I./ -IOCM_PATH/include JMLPistonsGpu.cpp 
CC  -c -O3 -fopenmp -D_WITHGPU -std=c++0x -D__HIP_PLATFORM_AMD__ -ffast-math -I./ -IOCM_PATH/include JRelaxZonesGpu.cpp 
hipcc -c -O3 -D__HIP_PLATFORM_AMD__ -ffast-math JRelaxZone_ker.cu
In file included from JRelaxZone_ker.cu:27:
In file included from ./JRelaxZone_ker.h:35:
In file included from ./DualSphDef.h:24:
./TypesDef.h:574:10: warning: enumeration values 'TypeNull' and 'TypeText' not handled in switch [-Wswitch]
  switch(type){
         ^~~~
In file included from JRelaxZone_ker.cu:27:
In file included from ./JRelaxZone_ker.h:35:
In file included from ./DualSphDef.h:26:
./JParticlesDef.h:54:10: warning: enumeration value 'TpPartUnknown' not handled in switch [-Wswitch]
  switch(type){
         ^~~~
In file included from JRelaxZone_ker.cu:27:
In file included from ./JRelaxZone_ker.h:35:
./DualSphDef.h:485:10: warning: enumeration value 'CELLMODE_None' not handled in switch [-Wswitch]
  switch(cellmode){
         ^~~~~~~~
3 warnings generated when compiling for gfx90a.
In file included from JRelaxZone_ker.cu:27:
In file included from ./JRelaxZone_ker.h:35:
In file included from ./DualSphDef.h:24:
./TypesDef.h:574:10: warning: enumeration values 'TypeNull' and 'TypeText' not handled in switch [-Wswitch]
  switch(type){
         ^~~~
In file included from JRelaxZone_ker.cu:27:
In file included from ./JRelaxZone_ker.h:35:
In file included from ./DualSphDef.h:26:
./JParticlesDef.h:54:10: warning: enumeration value 'TpPartUnknown' not handled in switch [-Wswitch]
  switch(type){
         ^~~~
In file included from JRelaxZone_ker.cu:27:
In file included from ./JRelaxZone_ker.h:35:
./DualSphDef.h:485:10: warning: enumeration value 'CELLMODE_None' not handled in switch [-Wswitch]
  switch(cellmode){
         ^~~~~~~~
3 warnings generated when compiling for host.
CC  -c -O3 -fopenmp -D_WITHGPU -std=c++0x -D__HIP_PLATFORM_AMD__ -ffast-math -I./ -IOCM_PATH/include JChronoObjects.cpp 
CC  -c -O3 -fopenmp -D_WITHGPU -std=c++0x -D__HIP_PLATFORM_AMD__ -ffast-math -I./ -IOCM_PATH/include JDsMooredFloatings.cpp 
CC  -c -O3 -fopenmp -D_WITHGPU -std=c++0x -D__HIP_PLATFORM_AMD__ -ffast-math -I./ -IOCM_PATH/include JDsFtForcePoints.cpp 
CC  -c -O3 -fopenmp -D_WITHGPU -std=c++0x -D__HIP_PLATFORM_AMD__ -ffast-math -I./ -IOCM_PATH/include JSphCpu_InOut.cpp 
CC  -c -O3 -fopenmp -D_WITHGPU -std=c++0x -D__HIP_PLATFORM_AMD__ -ffast-math -I./ -IOCM_PATH/include JSphCpuSingle_InOut.cpp 
CC  -c -O3 -fopenmp -D_WITHGPU -std=c++0x -D__HIP_PLATFORM_AMD__ -ffast-math -I./ -IOCM_PATH/include JSphInOut.cpp 
CC  -c -O3 -fopenmp -D_WITHGPU -std=c++0x -D__HIP_PLATFORM_AMD__ -ffast-math -I./ -IOCM_PATH/include JSphInOutZone.cpp 
CC  -c -O3 -fopenmp -D_WITHGPU -std=c++0x -D__HIP_PLATFORM_AMD__ -ffast-math -I./ -IOCM_PATH/include JSphInOutGridData.cpp 
CC  -c -O3 -fopenmp -D_WITHGPU -std=c++0x -D__HIP_PLATFORM_AMD__ -ffast-math -I./ -IOCM_PATH/include JSphInOutPoints.cpp 
CC  -c -O3 -fopenmp -D_WITHGPU -std=c++0x -D__HIP_PLATFORM_AMD__ -ffast-math -I./ -IOCM_PATH/include JSphInOutVel.cpp 
CC  -c -O3 -fopenmp -D_WITHGPU -std=c++0x -D__HIP_PLATFORM_AMD__ -ffast-math -I./ -IOCM_PATH/include JSphInOutVelAwas.cpp 
CC  -c -O3 -fopenmp -D_WITHGPU -std=c++0x -D__HIP_PLATFORM_AMD__ -ffast-math -I./ -IOCM_PATH/include JSphInOutZsurf.cpp 
CC  -c -O3 -fopenmp -D_WITHGPU -std=c++0x -D__HIP_PLATFORM_AMD__ -ffast-math -I./ -IOCM_PATH/include JSimpleNeigs.cpp 
CC  -c -O3 -fopenmp -D_WITHGPU -std=c++0x -D__HIP_PLATFORM_AMD__ -ffast-math -I./ -IOCM_PATH/include JSphGpuSingle_InOut.cpp 
CC  -c -O3 -fopenmp -D_WITHGPU -std=c++0x -D__HIP_PLATFORM_AMD__ -ffast-math -I./ -IOCM_PATH/include JPartNormalData.cpp 
CC  JXml.o tinystr.o tinyxml.o tinyxmlerror.o tinyxmlparser.o JMotion.o JMotionList.o JMotionMov.o JMotionObj.o JMotionPos.o JDsMotion.o Functions.o FunGeo3d.o FunSphKernelsCfg.o JAppInfo.o JBinaryData.o JCfgRunBase.o JDataArrays.o JException.o JLinearValue.o JLog2.o JObject.o JOutputCsv.o JRadixSort.o JRangeFilter.o JReadDatafile.o JSaveCsv2.o JTimeControl.o randomc.o JDsphConfig.o JDsPips.o JPartDataBi4.o JPartDataHead.o JPartFloatBi4.o JPartOutBi4Save.o JCaseCtes.o JCaseEParms.o JCaseParts.o JCaseProperties.o JCaseUserVars.o JCaseVtkOut.o JArraysCpu.o JCellDivCpu.o JSphCfgRun.o JComputeMotionRef.o JDsDcell.o JDsDamping.o JDsExtraData.o JDsGaugeItem.o JDsGaugeSystem.o JDsPartsOut.o JDsSaveDt.o JSphShifting.o JSph.o JDsAccInput.o JSphCpu.o JDsInitialize.o JFtMotionSave.o JSphMk.o JDsPartsInit.o JDsFixedDt.o JDsViscoInput.o JDsOutputTime.o JDsTimers.o JWaveSpectrumGpu.o main.o JCellDivCpuSingle.o JPartsLoad4.o JSphCpuSingle.o FunctionsCuda.o JObjectGpu.o  JArraysGpu.o JDebugSphGpu.o JCellDivGpu.o JSphGpu.o JDsGpuInfo.o  JCellDivGpuSingle.o JSphGpuSingle.o JCellDivGpu_ker.o JCellDivGpuSingle_ker.o JDsPips_ker.o JDsGauge_ker.o JReduSum_ker.o JSphShifting_ker.o JDsAccInput_ker.o JSphGpu_ker.o JSphGpuSimple_ker.o JWaveOrder2_ker.o JMLPistonsGpu.o JRelaxZonesGpu.o JRelaxZone_ker.o JChronoObjects.o JDsMooredFloatings.o JDsFtForcePoints.o JSphCpu_InOut.o JSphCpuSingle_InOut.o JSphInOut.o JSphInOutZone.o JSphInOutGridData.o JSphInOutPoints.o JSphInOutVel.o JSphInOutVelAwas.o JSphInOutZsurf.o JSimpleNeigs.o JSphGpuSingle_InOut.o JPartNormalData.o -fopenmp -lgomp -LOCM_PATH/lib -LOCM_PATH/llvm/lib -lamdhip64 -ldl -lrt -o ../../bin/linux/DualSPHysics5.2Amd_linux64_CrayCluster -L./ -L../lib/linux_gcc -ljvtklib_64 -ljnumexlib_64 -ldsphchrono -lChronoEngine  -ljwavegen_64 -ldsphmoordyn_64
rm -rf *.o
  --- Compiled Release GPU version ---
mkdir -p ../../bin/linux/AmdGpu
mv ../../bin/linux/DualSPHysics5.2Amd_linux64_CrayCluster ../../bin/linux/AmdGpu
