CC  -c -O3 -fopenmp -D_WITHGPU -std=c++0x -D__HIP_PLATFORM_AMD__ -ffast-math -I./ -IOCM_PATH/include JXml.cpp 
CC  -c -O3 -fopenmp -D_WITHGPU -std=c++0x -D__HIP_PLATFORM_AMD__ -ffast-math -I./ -IOCM_PATH/include tinystr.cpp 
CC  -c -O3 -fopenmp -D_WITHGPU -std=c++0x -D__HIP_PLATFORM_AMD__ -ffast-math -I./ -IOCM_PATH/include tinyxml.cpp 
CC  -c -O3 -fopenmp -D_WITHGPU -std=c++0x -D__HIP_PLATFORM_AMD__ -ffast-math -I./ -IOCM_PATH/include tinyxmlerror.cpp 
CC  -c -O3 -fopenmp -D_WITHGPU -std=c++0x -D__HIP_PLATFORM_AMD__ -ffast-math -I./ -IOCM_PATH/include tinyxmlparser.cpp 
CC  -c -O3 -fopenmp -D_WITHGPU -std=c++0x -D__HIP_PLATFORM_AMD__ -ffast-math -I./ -IOCM_PATH/include JMotion.cpp 
CC  -c -O3 -fopenmp -D_WITHGPU -std=c++0x -D__HIP_PLATFORM_AMD__ -ffast-math -I./ -IOCM_PATH/include JMotionList.cpp 
CC  -c -O3 -fopenmp -D_WITHGPU -std=c++0x -D__HIP_PLATFORM_AMD__ -ffast-math -I./ -IOCM_PATH/include JMotionMov.cpp 
CC  -c -O3 -fopenmp -D_WITHGPU -std=c++0x -D__HIP_PLATFORM_AMD__ -ffast-math -I./ -IOCM_PATH/include JMotionObj.cpp 
CC  -c -O3 -fopenmp -D_WITHGPU -std=c++0x -D__HIP_PLATFORM_AMD__ -ffast-math -I./ -IOCM_PATH/include JMotionPos.cpp 
CC  -c -O3 -fopenmp -D_WITHGPU -std=c++0x -D__HIP_PLATFORM_AMD__ -ffast-math -I./ -IOCM_PATH/include JDsMotion.cpp 
CC  -c -O3 -fopenmp -D_WITHGPU -std=c++0x -D__HIP_PLATFORM_AMD__ -ffast-math -I./ -IOCM_PATH/include Functions.cpp 
CC  -c -O3 -fopenmp -D_WITHGPU -std=c++0x -D__HIP_PLATFORM_AMD__ -ffast-math -I./ -IOCM_PATH/include FunGeo3d.cpp 
CC  -c -O3 -fopenmp -D_WITHGPU -std=c++0x -D__HIP_PLATFORM_AMD__ -ffast-math -I./ -IOCM_PATH/include FunSphKernelsCfg.cpp 
CC  -c -O3 -fopenmp -D_WITHGPU -std=c++0x -D__HIP_PLATFORM_AMD__ -ffast-math -I./ -IOCM_PATH/include JAppInfo.cpp 
CC  -c -O3 -fopenmp -D_WITHGPU -std=c++0x -D__HIP_PLATFORM_AMD__ -ffast-math -I./ -IOCM_PATH/include JBinaryData.cpp 
CC  -c -O3 -fopenmp -D_WITHGPU -std=c++0x -D__HIP_PLATFORM_AMD__ -ffast-math -I./ -IOCM_PATH/include JCfgRunBase.cpp 
CC  -c -O3 -fopenmp -D_WITHGPU -std=c++0x -D__HIP_PLATFORM_AMD__ -ffast-math -I./ -IOCM_PATH/include JDataArrays.cpp 
CC  -c -O3 -fopenmp -D_WITHGPU -std=c++0x -D__HIP_PLATFORM_AMD__ -ffast-math -I./ -IOCM_PATH/include JException.cpp 
CC  -c -O3 -fopenmp -D_WITHGPU -std=c++0x -D__HIP_PLATFORM_AMD__ -ffast-math -I./ -IOCM_PATH/include JLinearValue.cpp 
CC  -c -O3 -fopenmp -D_WITHGPU -std=c++0x -D__HIP_PLATFORM_AMD__ -ffast-math -I./ -IOCM_PATH/include JLog2.cpp 
CC  -c -O3 -fopenmp -D_WITHGPU -std=c++0x -D__HIP_PLATFORM_AMD__ -ffast-math -I./ -IOCM_PATH/include JObject.cpp 
CC  -c -O3 -fopenmp -D_WITHGPU -std=c++0x -D__HIP_PLATFORM_AMD__ -ffast-math -I./ -IOCM_PATH/include JOutputCsv.cpp 
CC  -c -O3 -fopenmp -D_WITHGPU -std=c++0x -D__HIP_PLATFORM_AMD__ -ffast-math -I./ -IOCM_PATH/include JRadixSort.cpp 
CC  -c -O3 -fopenmp -D_WITHGPU -std=c++0x -D__HIP_PLATFORM_AMD__ -ffast-math -I./ -IOCM_PATH/include JRangeFilter.cpp 
CC  -c -O3 -fopenmp -D_WITHGPU -std=c++0x -D__HIP_PLATFORM_AMD__ -ffast-math -I./ -IOCM_PATH/include JReadDatafile.cpp 
CC  -c -O3 -fopenmp -D_WITHGPU -std=c++0x -D__HIP_PLATFORM_AMD__ -ffast-math -I./ -IOCM_PATH/include JSaveCsv2.cpp 
CC  -c -O3 -fopenmp -D_WITHGPU -std=c++0x -D__HIP_PLATFORM_AMD__ -ffast-math -I./ -IOCM_PATH/include JTimeControl.cpp 
CC  -c -O3 -fopenmp -D_WITHGPU -std=c++0x -D__HIP_PLATFORM_AMD__ -ffast-math -I./ -IOCM_PATH/include randomc.cpp 
CC  -c -O3 -fopenmp -D_WITHGPU -std=c++0x -D__HIP_PLATFORM_AMD__ -ffast-math -I./ -IOCM_PATH/include JDsphConfig.cpp 
CC  -c -O3 -fopenmp -D_WITHGPU -std=c++0x -D__HIP_PLATFORM_AMD__ -ffast-math -I./ -IOCM_PATH/include JDsPips.cpp 
CC  -c -O3 -fopenmp -D_WITHGPU -std=c++0x -D__HIP_PLATFORM_AMD__ -ffast-math -I./ -IOCM_PATH/include JPartDataBi4.cpp 
CC  -c -O3 -fopenmp -D_WITHGPU -std=c++0x -D__HIP_PLATFORM_AMD__ -ffast-math -I./ -IOCM_PATH/include JPartDataHead.cpp 
CC  -c -O3 -fopenmp -D_WITHGPU -std=c++0x -D__HIP_PLATFORM_AMD__ -ffast-math -I./ -IOCM_PATH/include JPartFloatBi4.cpp 
CC  -c -O3 -fopenmp -D_WITHGPU -std=c++0x -D__HIP_PLATFORM_AMD__ -ffast-math -I./ -IOCM_PATH/include JPartOutBi4Save.cpp 
CC  -c -O3 -fopenmp -D_WITHGPU -std=c++0x -D__HIP_PLATFORM_AMD__ -ffast-math -I./ -IOCM_PATH/include JCaseCtes.cpp 
CC  -c -O3 -fopenmp -D_WITHGPU -std=c++0x -D__HIP_PLATFORM_AMD__ -ffast-math -I./ -IOCM_PATH/include JCaseEParms.cpp 
CC  -c -O3 -fopenmp -D_WITHGPU -std=c++0x -D__HIP_PLATFORM_AMD__ -ffast-math -I./ -IOCM_PATH/include JCaseParts.cpp 
CC  -c -O3 -fopenmp -D_WITHGPU -std=c++0x -D__HIP_PLATFORM_AMD__ -ffast-math -I./ -IOCM_PATH/include JCaseProperties.cpp 
CC  -c -O3 -fopenmp -D_WITHGPU -std=c++0x -D__HIP_PLATFORM_AMD__ -ffast-math -I./ -IOCM_PATH/include JCaseUserVars.cpp 
CC  -c -O3 -fopenmp -D_WITHGPU -std=c++0x -D__HIP_PLATFORM_AMD__ -ffast-math -I./ -IOCM_PATH/include JCaseVtkOut.cpp 
CC  -c -O3 -fopenmp -D_WITHGPU -std=c++0x -D__HIP_PLATFORM_AMD__ -ffast-math -I./ -IOCM_PATH/include JArraysCpu.cpp 
CC  -c -O3 -fopenmp -D_WITHGPU -std=c++0x -D__HIP_PLATFORM_AMD__ -ffast-math -I./ -IOCM_PATH/include JCellDivCpu.cpp 
CC  -c -O3 -fopenmp -D_WITHGPU -std=c++0x -D__HIP_PLATFORM_AMD__ -ffast-math -I./ -IOCM_PATH/include JSphCfgRun.cpp 
CC  -c -O3 -fopenmp -D_WITHGPU -std=c++0x -D__HIP_PLATFORM_AMD__ -ffast-math -I./ -IOCM_PATH/include JComputeMotionRef.cpp 
CC  -c -O3 -fopenmp -D_WITHGPU -std=c++0x -D__HIP_PLATFORM_AMD__ -ffast-math -I./ -IOCM_PATH/include JDsDcell.cpp 
CC  -c -O3 -fopenmp -D_WITHGPU -std=c++0x -D__HIP_PLATFORM_AMD__ -ffast-math -I./ -IOCM_PATH/include JDsDamping.cpp 
CC  -c -O3 -fopenmp -D_WITHGPU -std=c++0x -D__HIP_PLATFORM_AMD__ -ffast-math -I./ -IOCM_PATH/include JDsExtraData.cpp 
CC  -c -O3 -fopenmp -D_WITHGPU -std=c++0x -D__HIP_PLATFORM_AMD__ -ffast-math -I./ -IOCM_PATH/include JDsGaugeItem.cpp 
CC  -c -O3 -fopenmp -D_WITHGPU -std=c++0x -D__HIP_PLATFORM_AMD__ -ffast-math -I./ -IOCM_PATH/include JDsGaugeSystem.cpp 
CC  -c -O3 -fopenmp -D_WITHGPU -std=c++0x -D__HIP_PLATFORM_AMD__ -ffast-math -I./ -IOCM_PATH/include JDsPartsOut.cpp 
CC  -c -O3 -fopenmp -D_WITHGPU -std=c++0x -D__HIP_PLATFORM_AMD__ -ffast-math -I./ -IOCM_PATH/include JDsSaveDt.cpp 
CC  -c -O3 -fopenmp -D_WITHGPU -std=c++0x -D__HIP_PLATFORM_AMD__ -ffast-math -I./ -IOCM_PATH/include JSphShifting.cpp 
CC  -c -O3 -fopenmp -D_WITHGPU -std=c++0x -D__HIP_PLATFORM_AMD__ -ffast-math -I./ -IOCM_PATH/include JSph.cpp 
CC  -c -O3 -fopenmp -D_WITHGPU -std=c++0x -D__HIP_PLATFORM_AMD__ -ffast-math -I./ -IOCM_PATH/include JDsAccInput.cpp 
CC  -c -O3 -fopenmp -D_WITHGPU -std=c++0x -D__HIP_PLATFORM_AMD__ -ffast-math -I./ -IOCM_PATH/include JSphCpu.cpp 
CC  -c -O3 -fopenmp -D_WITHGPU -std=c++0x -D__HIP_PLATFORM_AMD__ -ffast-math -I./ -IOCM_PATH/include JDsInitialize.cpp 
CC  -c -O3 -fopenmp -D_WITHGPU -std=c++0x -D__HIP_PLATFORM_AMD__ -ffast-math -I./ -IOCM_PATH/include JFtMotionSave.cpp 
CC  -c -O3 -fopenmp -D_WITHGPU -std=c++0x -D__HIP_PLATFORM_AMD__ -ffast-math -I./ -IOCM_PATH/include JSphMk.cpp 
CC  -c -O3 -fopenmp -D_WITHGPU -std=c++0x -D__HIP_PLATFORM_AMD__ -ffast-math -I./ -IOCM_PATH/include JDsPartsInit.cpp 
CC  -c -O3 -fopenmp -D_WITHGPU -std=c++0x -D__HIP_PLATFORM_AMD__ -ffast-math -I./ -IOCM_PATH/include JDsFixedDt.cpp 
CC  -c -O3 -fopenmp -D_WITHGPU -std=c++0x -D__HIP_PLATFORM_AMD__ -ffast-math -I./ -IOCM_PATH/include JDsViscoInput.cpp 
CC  -c -O3 -fopenmp -D_WITHGPU -std=c++0x -D__HIP_PLATFORM_AMD__ -ffast-math -I./ -IOCM_PATH/include JDsOutputTime.cpp 
CC  -c -O3 -fopenmp -D_WITHGPU -std=c++0x -D__HIP_PLATFORM_AMD__ -ffast-math -I./ -IOCM_PATH/include JDsTimers.cpp 
CC  -c -O3 -fopenmp -D_WITHGPU -std=c++0x -D__HIP_PLATFORM_AMD__ -ffast-math -I./ -IOCM_PATH/include JWaveSpectrumGpu.cpp 
CC  -c -O3 -fopenmp -D_WITHGPU -std=c++0x -D__HIP_PLATFORM_AMD__ -ffast-math -I./ -IOCM_PATH/include main.cpp 
CC  -c -O3 -fopenmp -D_WITHGPU -std=c++0x -D__HIP_PLATFORM_AMD__ -ffast-math -I./ -IOCM_PATH/include JCellDivCpuSingle.cpp 
CC  -c -O3 -fopenmp -D_WITHGPU -std=c++0x -D__HIP_PLATFORM_AMD__ -ffast-math -I./ -IOCM_PATH/include JPartsLoad4.cpp 
CC  -c -O3 -fopenmp -D_WITHGPU -std=c++0x -D__HIP_PLATFORM_AMD__ -ffast-math -I./ -IOCM_PATH/include JSphCpuSingle.cpp 
CC  -c -O3 -fopenmp -D_WITHGPU -std=c++0x -D__HIP_PLATFORM_AMD__ -ffast-math -I./ -IOCM_PATH/include FunctionsCuda.cpp 
FunctionsCuda.cpp: In function 'size_t fcuda::HostAlloc(byte**, unsigned int)':
FunctionsCuda.cpp:365:48: warning: 'hipError_t hipHostAlloc(void**, size_t, unsigned int)' is deprecated: use hipHostMalloc instead [-Wdeprecated-declarations]
  365 |   size_t size=sizeof(byte)*count;  hipHostAlloc((void**)ptr,size,hipHostMallocDefault);  return(size);
      |                                    ~~~~~~~~~~~~^~~~~~~~~~~~~~~~~~~~~~~~~~~~~~~~~~~~~~~
In file included from FunctionsCuda.h:40,
                 from FunctionsCuda.cpp:21:
/opt/rocm/include/hip/hip_runtime_api.h:3439:12: note: declared here
 3439 | hipError_t hipHostAlloc(void** ptr, size_t size, unsigned int flags);
      |            ^~~~~~~~~~~~
FunctionsCuda.cpp: In function 'size_t fcuda::HostAlloc(word**, unsigned int)':
FunctionsCuda.cpp:372:48: warning: 'hipError_t hipHostAlloc(void**, size_t, unsigned int)' is deprecated: use hipHostMalloc instead [-Wdeprecated-declarations]
  372 |   size_t size=sizeof(word)*count;  hipHostAlloc((void**)ptr,size,hipHostMallocDefault);  return(size);
      |                                    ~~~~~~~~~~~~^~~~~~~~~~~~~~~~~~~~~~~~~~~~~~~~~~~~~~~
/opt/rocm/include/hip/hip_runtime_api.h:3439:12: note: declared here
 3439 | hipError_t hipHostAlloc(void** ptr, size_t size, unsigned int flags);
      |            ^~~~~~~~~~~~
FunctionsCuda.cpp: In function 'size_t fcuda::HostAlloc(unsigned int**, unsigned int)':
FunctionsCuda.cpp:379:52: warning: 'hipError_t hipHostAlloc(void**, size_t, unsigned int)' is deprecated: use hipHostMalloc instead [-Wdeprecated-declarations]
  379 |   size_t size=sizeof(unsigned)*count;  hipHostAlloc((void**)ptr,size,hipHostMallocDefault);  return(size);
      |                                        ~~~~~~~~~~~~^~~~~~~~~~~~~~~~~~~~~~~~~~~~~~~~~~~~~~~
/opt/rocm/include/hip/hip_runtime_api.h:3439:12: note: declared here
 3439 | hipError_t hipHostAlloc(void** ptr, size_t size, unsigned int flags);
      |            ^~~~~~~~~~~~
FunctionsCuda.cpp: In function 'size_t fcuda::HostAlloc(int**, unsigned int)':
FunctionsCuda.cpp:386:47: warning: 'hipError_t hipHostAlloc(void**, size_t, unsigned int)' is deprecated: use hipHostMalloc instead [-Wdeprecated-declarations]
  386 |   size_t size=sizeof(int)*count;  hipHostAlloc((void**)ptr,size,hipHostMallocDefault);  return(size);
      |                                   ~~~~~~~~~~~~^~~~~~~~~~~~~~~~~~~~~~~~~~~~~~~~~~~~~~~
/opt/rocm/include/hip/hip_runtime_api.h:3439:12: note: declared here
 3439 | hipError_t hipHostAlloc(void** ptr, size_t size, unsigned int flags);
      |            ^~~~~~~~~~~~
FunctionsCuda.cpp: In function 'size_t fcuda::HostAlloc(int2**, unsigned int)':
FunctionsCuda.cpp:393:48: warning: 'hipError_t hipHostAlloc(void**, size_t, unsigned int)' is deprecated: use hipHostMalloc instead [-Wdeprecated-declarations]
  393 |   size_t size=sizeof(int2)*count;  hipHostAlloc((void**)ptr,size,hipHostMallocDefault);  return(size);
      |                                    ~~~~~~~~~~~~^~~~~~~~~~~~~~~~~~~~~~~~~~~~~~~~~~~~~~~
/opt/rocm/include/hip/hip_runtime_api.h:3439:12: note: declared here
 3439 | hipError_t hipHostAlloc(void** ptr, size_t size, unsigned int flags);
      |            ^~~~~~~~~~~~
FunctionsCuda.cpp: In function 'size_t fcuda::HostAlloc(float**, unsigned int)':
FunctionsCuda.cpp:400:49: warning: 'hipError_t hipHostAlloc(void**, size_t, unsigned int)' is deprecated: use hipHostMalloc instead [-Wdeprecated-declarations]
  400 |   size_t size=sizeof(float)*count;  hipHostAlloc((void**)ptr,size,hipHostMallocDefault);  return(size);
      |                                     ~~~~~~~~~~~~^~~~~~~~~~~~~~~~~~~~~~~~~~~~~~~~~~~~~~~
/opt/rocm/include/hip/hip_runtime_api.h:3439:12: note: declared here
 3439 | hipError_t hipHostAlloc(void** ptr, size_t size, unsigned int flags);
      |            ^~~~~~~~~~~~
FunctionsCuda.cpp: In function 'size_t fcuda::HostAlloc(tfloat4**, unsigned int)':
FunctionsCuda.cpp:407:51: warning: 'hipError_t hipHostAlloc(void**, size_t, unsigned int)' is deprecated: use hipHostMalloc instead [-Wdeprecated-declarations]
  407 |   size_t size=sizeof(tfloat4)*count;  hipHostAlloc((void**)ptr,size,hipHostMallocDefault);  return(size);
      |                                       ~~~~~~~~~~~~^~~~~~~~~~~~~~~~~~~~~~~~~~~~~~~~~~~~~~~
/opt/rocm/include/hip/hip_runtime_api.h:3439:12: note: declared here
 3439 | hipError_t hipHostAlloc(void** ptr, size_t size, unsigned int flags);
      |            ^~~~~~~~~~~~
FunctionsCuda.cpp: In function 'size_t fcuda::HostAlloc(double**, unsigned int)':
FunctionsCuda.cpp:414:50: warning: 'hipError_t hipHostAlloc(void**, size_t, unsigned int)' is deprecated: use hipHostMalloc instead [-Wdeprecated-declarations]
  414 |   size_t size=sizeof(double)*count;  hipHostAlloc((void**)ptr,size,hipHostMallocDefault);  return(size);
      |                                      ~~~~~~~~~~~~^~~~~~~~~~~~~~~~~~~~~~~~~~~~~~~~~~~~~~~
/opt/rocm/include/hip/hip_runtime_api.h:3439:12: note: declared here
 3439 | hipError_t hipHostAlloc(void** ptr, size_t size, unsigned int flags);
      |            ^~~~~~~~~~~~
FunctionsCuda.cpp: In function 'size_t fcuda::HostAlloc(tdouble2**, unsigned int)':
FunctionsCuda.cpp:421:52: warning: 'hipError_t hipHostAlloc(void**, size_t, unsigned int)' is deprecated: use hipHostMalloc instead [-Wdeprecated-declarations]
  421 |   size_t size=sizeof(tdouble2)*count;  hipHostAlloc((void**)ptr,size,hipHostMallocDefault);  return(size);
      |                                        ~~~~~~~~~~~~^~~~~~~~~~~~~~~~~~~~~~~~~~~~~~~~~~~~~~~
/opt/rocm/include/hip/hip_runtime_api.h:3439:12: note: declared here
 3439 | hipError_t hipHostAlloc(void** ptr, size_t size, unsigned int flags);
      |            ^~~~~~~~~~~~
CC  -c -O3 -fopenmp -D_WITHGPU -std=c++0x -D__HIP_PLATFORM_AMD__ -ffast-math -I./ -IOCM_PATH/include JObjectGpu.cpp 
CC  -c -O3 -fopenmp -D_WITHGPU -std=c++0x -D__HIP_PLATFORM_AMD__ -ffast-math -I./ -IOCM_PATH/include JArraysGpu.cpp 
CC  -c -O3 -fopenmp -D_WITHGPU -std=c++0x -D__HIP_PLATFORM_AMD__ -ffast-math -I./ -IOCM_PATH/include JDebugSphGpu.cpp 
CC  -c -O3 -fopenmp -D_WITHGPU -std=c++0x -D__HIP_PLATFORM_AMD__ -ffast-math -I./ -IOCM_PATH/include JCellDivGpu.cpp 
CC  -c -O3 -fopenmp -D_WITHGPU -std=c++0x -D__HIP_PLATFORM_AMD__ -ffast-math -I./ -IOCM_PATH/include JSphGpu.cpp 
CC  -c -O3 -fopenmp -D_WITHGPU -std=c++0x -D__HIP_PLATFORM_AMD__ -ffast-math -I./ -IOCM_PATH/include JDsGpuInfo.cpp 
CC  -c -O3 -fopenmp -D_WITHGPU -std=c++0x -D__HIP_PLATFORM_AMD__ -ffast-math -I./ -IOCM_PATH/include JCellDivGpuSingle.cpp 
CC  -c -O3 -fopenmp -D_WITHGPU -std=c++0x -D__HIP_PLATFORM_AMD__ -ffast-math -I./ -IOCM_PATH/include JSphGpuSingle.cpp 
hipcc -c -O3 -D__HIP_PLATFORM_AMD__ -ffast-math JCellDivGpu_ker.cu
In file included from JCellDivGpu_ker.cu:22:
In file included from ./JCellDivGpu_ker.h:24:
In file included from ./DualSphDef.h:24:
./TypesDef.h:574:10: warning: enumeration values 'TypeNull' and 'TypeText' not handled in switch [-Wswitch]
  switch(type){
         ^~~~
In file included from JCellDivGpu_ker.cu:22:
In file included from ./JCellDivGpu_ker.h:24:
In file included from ./DualSphDef.h:26:
./JParticlesDef.h:54:10: warning: enumeration value 'TpPartUnknown' not handled in switch [-Wswitch]
  switch(type){
         ^~~~
In file included from JCellDivGpu_ker.cu:22:
In file included from ./JCellDivGpu_ker.h:24:
./DualSphDef.h:485:10: warning: enumeration value 'CELLMODE_None' not handled in switch [-Wswitch]
  switch(cellmode){
         ^~~~~~~~
3 warnings generated when compiling for gfx90a.
In file included from JCellDivGpu_ker.cu:22:
In file included from ./JCellDivGpu_ker.h:24:
In file included from ./DualSphDef.h:24:
./TypesDef.h:574:10: warning: enumeration values 'TypeNull' and 'TypeText' not handled in switch [-Wswitch]
  switch(type){
         ^~~~
In file included from JCellDivGpu_ker.cu:22:
In file included from ./JCellDivGpu_ker.h:24:
In file included from ./DualSphDef.h:26:
./JParticlesDef.h:54:10: warning: enumeration value 'TpPartUnknown' not handled in switch [-Wswitch]
  switch(type){
         ^~~~
In file included from JCellDivGpu_ker.cu:22:
In file included from ./JCellDivGpu_ker.h:24:
./DualSphDef.h:485:10: warning: enumeration value 'CELLMODE_None' not handled in switch [-Wswitch]
  switch(cellmode){
         ^~~~~~~~
3 warnings generated when compiling for host.
hipcc -c -O3 -D__HIP_PLATFORM_AMD__ -ffast-math JCellDivGpuSingle_ker.cu
In file included from JCellDivGpuSingle_ker.cu:22:
In file included from ./JCellDivGpuSingle_ker.h:24:
In file included from ./JCellDivGpu_ker.h:24:
In file included from ./DualSphDef.h:24:
./TypesDef.h:574:10: warning: enumeration values 'TypeNull' and 'TypeText' not handled in switch [-Wswitch]
  switch(type){
         ^~~~
In file included from JCellDivGpuSingle_ker.cu:22:
In file included from ./JCellDivGpuSingle_ker.h:24:
In file included from ./JCellDivGpu_ker.h:24:
In file included from ./DualSphDef.h:26:
./JParticlesDef.h:54:10: warning: enumeration value 'TpPartUnknown' not handled in switch [-Wswitch]
  switch(type){
         ^~~~
In file included from JCellDivGpuSingle_ker.cu:22:
In file included from ./JCellDivGpuSingle_ker.h:24:
In file included from ./JCellDivGpu_ker.h:24:
./DualSphDef.h:485:10: warning: enumeration value 'CELLMODE_None' not handled in switch [-Wswitch]
  switch(cellmode){
         ^~~~~~~~
3 warnings generated when compiling for gfx90a.
In file included from JCellDivGpuSingle_ker.cu:22:
In file included from ./JCellDivGpuSingle_ker.h:24:
In file included from ./JCellDivGpu_ker.h:24:
In file included from ./DualSphDef.h:24:
./TypesDef.h:574:10: warning: enumeration values 'TypeNull' and 'TypeText' not handled in switch [-Wswitch]
  switch(type){
         ^~~~
In file included from JCellDivGpuSingle_ker.cu:22:
In file included from ./JCellDivGpuSingle_ker.h:24:
In file included from ./JCellDivGpu_ker.h:24:
In file included from ./DualSphDef.h:26:
./JParticlesDef.h:54:10: warning: enumeration value 'TpPartUnknown' not handled in switch [-Wswitch]
  switch(type){
         ^~~~
In file included from JCellDivGpuSingle_ker.cu:22:
In file included from ./JCellDivGpuSingle_ker.h:24:
In file included from ./JCellDivGpu_ker.h:24:
./DualSphDef.h:485:10: warning: enumeration value 'CELLMODE_None' not handled in switch [-Wswitch]
  switch(cellmode){
         ^~~~~~~~
3 warnings generated when compiling for host.
hipcc -c -O3 -D__HIP_PLATFORM_AMD__ -ffast-math JDsPips_ker.cu
In file included from JDsPips_ker.cu:22:
In file included from ./JDsPips_ker.h:24:
In file included from ./DualSphDef.h:24:
./TypesDef.h:574:10: warning: enumeration values 'TypeNull' and 'TypeText' not handled in switch [-Wswitch]
  switch(type){
         ^~~~
In file included from JDsPips_ker.cu:22:
In file included from ./JDsPips_ker.h:24:
In file included from ./DualSphDef.h:26:
./JParticlesDef.h:54:10: warning: enumeration value 'TpPartUnknown' not handled in switch [-Wswitch]
  switch(type){
         ^~~~
In file included from JDsPips_ker.cu:22:
In file included from ./JDsPips_ker.h:24:
./DualSphDef.h:485:10: warning: enumeration value 'CELLMODE_None' not handled in switch [-Wswitch]
  switch(cellmode){
         ^~~~~~~~
3 warnings generated when compiling for gfx90a.
In file included from JDsPips_ker.cu:22:
In file included from ./JDsPips_ker.h:24:
In file included from ./DualSphDef.h:24:
./TypesDef.h:574:10: warning: enumeration values 'TypeNull' and 'TypeText' not handled in switch [-Wswitch]
  switch(type){
         ^~~~
In file included from JDsPips_ker.cu:22:
In file included from ./JDsPips_ker.h:24:
In file included from ./DualSphDef.h:26:
./JParticlesDef.h:54:10: warning: enumeration value 'TpPartUnknown' not handled in switch [-Wswitch]
  switch(type){
         ^~~~
In file included from JDsPips_ker.cu:22:
In file included from ./JDsPips_ker.h:24:
./DualSphDef.h:485:10: warning: enumeration value 'CELLMODE_None' not handled in switch [-Wswitch]
  switch(cellmode){
         ^~~~~~~~
3 warnings generated when compiling for host.
hipcc -c -O3 -D__HIP_PLATFORM_AMD__ -ffast-math JDsGauge_ker.cu
In file included from JDsGauge_ker.cu:22:
In file included from ./JDsGauge_ker.h:24:
In file included from ./DualSphDef.h:24:
./TypesDef.h:574:10: warning: enumeration values 'TypeNull' and 'TypeText' not handled in switch [-Wswitch]
  switch(type){
         ^~~~
In file included from JDsGauge_ker.cu:22:
In file included from ./JDsGauge_ker.h:24:
In file included from ./DualSphDef.h:26:
./JParticlesDef.h:54:10: warning: enumeration value 'TpPartUnknown' not handled in switch [-Wswitch]
  switch(type){
         ^~~~
In file included from JDsGauge_ker.cu:22:
In file included from ./JDsGauge_ker.h:24:
./DualSphDef.h:485:10: warning: enumeration value 'CELLMODE_None' not handled in switch [-Wswitch]
  switch(cellmode){
         ^~~~~~~~
3 warnings generated when compiling for gfx90a.
In file included from JDsGauge_ker.cu:22:
In file included from ./JDsGauge_ker.h:24:
In file included from ./DualSphDef.h:24:
./TypesDef.h:574:10: warning: enumeration values 'TypeNull' and 'TypeText' not handled in switch [-Wswitch]
  switch(type){
         ^~~~
In file included from JDsGauge_ker.cu:22:
In file included from ./JDsGauge_ker.h:24:
In file included from ./DualSphDef.h:26:
./JParticlesDef.h:54:10: warning: enumeration value 'TpPartUnknown' not handled in switch [-Wswitch]
  switch(type){
         ^~~~
In file included from JDsGauge_ker.cu:22:
In file included from ./JDsGauge_ker.h:24:
./DualSphDef.h:485:10: warning: enumeration value 'CELLMODE_None' not handled in switch [-Wswitch]
  switch(cellmode){
         ^~~~~~~~
3 warnings generated when compiling for host.
hipcc -c -O3 -D__HIP_PLATFORM_AMD__ -ffast-math JReduSum_ker.cu
In file included from JReduSum_ker.cu:23:
In file included from ./Functions.h:113:
./TypesDef.h:574:10: warning: enumeration values 'TypeNull' and 'TypeText' not handled in switch [-Wswitch]
  switch(type){
         ^~~~
1 warning generated when compiling for gfx90a.
In file included from JReduSum_ker.cu:23:
In file included from ./Functions.h:113:
./TypesDef.h:574:10: warning: enumeration values 'TypeNull' and 'TypeText' not handled in switch [-Wswitch]
  switch(type){
         ^~~~
1 warning generated when compiling for host.
hipcc -c -O3 -D__HIP_PLATFORM_AMD__ -ffast-math JSphShifting_ker.cu
In file included from JSphShifting_ker.cu:22:
In file included from ./JSphShifting_ker.h:31:
./TypesDef.h:574:10: warning: enumeration values 'TypeNull' and 'TypeText' not handled in switch [-Wswitch]
  switch(type){
         ^~~~
1 warning generated when compiling for gfx90a.
In file included from JSphShifting_ker.cu:22:
In file included from ./JSphShifting_ker.h:31:
./TypesDef.h:574:10: warning: enumeration values 'TypeNull' and 'TypeText' not handled in switch [-Wswitch]
  switch(type){
         ^~~~
1 warning generated when compiling for host.
hipcc -c -O3 -D__HIP_PLATFORM_AMD__ -ffast-math JDsAccInput_ker.cu
In file included from JDsAccInput_ker.cu:22:
In file included from ./JDsAccInput_ker.h:31:
In file included from ./DualSphDef.h:24:
./TypesDef.h:574:10: warning: enumeration values 'TypeNull' and 'TypeText' not handled in switch [-Wswitch]
  switch(type){
         ^~~~
In file included from JDsAccInput_ker.cu:22:
In file included from ./JDsAccInput_ker.h:31:
In file included from ./DualSphDef.h:26:
./JParticlesDef.h:54:10: warning: enumeration value 'TpPartUnknown' not handled in switch [-Wswitch]
  switch(type){
         ^~~~
In file included from JDsAccInput_ker.cu:22:
In file included from ./JDsAccInput_ker.h:31:
./DualSphDef.h:485:10: warning: enumeration value 'CELLMODE_None' not handled in switch [-Wswitch]
  switch(cellmode){
         ^~~~~~~~
3 warnings generated when compiling for gfx90a.
In file included from JDsAccInput_ker.cu:22:
In file included from ./JDsAccInput_ker.h:31:
In file included from ./DualSphDef.h:24:
./TypesDef.h:574:10: warning: enumeration values 'TypeNull' and 'TypeText' not handled in switch [-Wswitch]
  switch(type){
         ^~~~
In file included from JDsAccInput_ker.cu:22:
In file included from ./JDsAccInput_ker.h:31:
In file included from ./DualSphDef.h:26:
./JParticlesDef.h:54:10: warning: enumeration value 'TpPartUnknown' not handled in switch [-Wswitch]
  switch(type){
         ^~~~
In file included from JDsAccInput_ker.cu:22:
In file included from ./JDsAccInput_ker.h:31:
./DualSphDef.h:485:10: warning: enumeration value 'CELLMODE_None' not handled in switch [-Wswitch]
  switch(cellmode){
         ^~~~~~~~
3 warnings generated when compiling for host.
hipcc -c -O3 -D__HIP_PLATFORM_AMD__ -ffast-math JSphGpu_ker.cu
In file included from JSphGpu_ker.cu:22:
In file included from ./JSphGpu_ker.h:30:
In file included from ./DualSphDef.h:24:
./TypesDef.h:574:10: warning: enumeration values 'TypeNull' and 'TypeText' not handled in switch [-Wswitch]
  switch(type){
         ^~~~
In file included from JSphGpu_ker.cu:22:
In file included from ./JSphGpu_ker.h:30:
In file included from ./DualSphDef.h:26:
./JParticlesDef.h:54:10: warning: enumeration value 'TpPartUnknown' not handled in switch [-Wswitch]
  switch(type){
         ^~~~
In file included from JSphGpu_ker.cu:22:
In file included from ./JSphGpu_ker.h:30:
./DualSphDef.h:485:10: warning: enumeration value 'CELLMODE_None' not handled in switch [-Wswitch]
  switch(cellmode){
         ^~~~~~~~
3 warnings generated when compiling for gfx90a.
In file included from JSphGpu_ker.cu:22:
In file included from ./JSphGpu_ker.h:30:
In file included from ./DualSphDef.h:24:
./TypesDef.h:574:10: warning: enumeration values 'TypeNull' and 'TypeText' not handled in switch [-Wswitch]
  switch(type){
         ^~~~
In file included from JSphGpu_ker.cu:22:
In file included from ./JSphGpu_ker.h:30:
In file included from ./DualSphDef.h:26:
./JParticlesDef.h:54:10: warning: enumeration value 'TpPartUnknown' not handled in switch [-Wswitch]
  switch(type){
         ^~~~
In file included from JSphGpu_ker.cu:22:
In file included from ./JSphGpu_ker.h:30:
./DualSphDef.h:485:10: warning: enumeration value 'CELLMODE_None' not handled in switch [-Wswitch]
  switch(cellmode){
         ^~~~~~~~
3 warnings generated when compiling for host.
hipcc -c -O3 -D__HIP_PLATFORM_AMD__ -ffast-math JSphGpuSimple_ker.cu
In file included from JSphGpuSimple_ker.cu:22:
In file included from ./JSphGpuSimple_ker.h:24:
In file included from ./DualSphDef.h:24:
./TypesDef.h:574:10: warning: enumeration values 'TypeNull' and 'TypeText' not handled in switch [-Wswitch]
  switch(type){
         ^~~~
In file included from JSphGpuSimple_ker.cu:22:
In file included from ./JSphGpuSimple_ker.h:24:
In file included from ./DualSphDef.h:26:
./JParticlesDef.h:54:10: warning: enumeration value 'TpPartUnknown' not handled in switch [-Wswitch]
  switch(type){
         ^~~~
In file included from JSphGpuSimple_ker.cu:22:
In file included from ./JSphGpuSimple_ker.h:24:
./DualSphDef.h:485:10: warning: enumeration value 'CELLMODE_None' not handled in switch [-Wswitch]
  switch(cellmode){
         ^~~~~~~~
3 warnings generated when compiling for gfx90a.
In file included from JSphGpuSimple_ker.cu:22:
In file included from ./JSphGpuSimple_ker.h:24:
In file included from ./DualSphDef.h:24:
./TypesDef.h:574:10: warning: enumeration values 'TypeNull' and 'TypeText' not handled in switch [-Wswitch]
  switch(type){
         ^~~~
In file included from JSphGpuSimple_ker.cu:22:
In file included from ./JSphGpuSimple_ker.h:24:
In file included from ./DualSphDef.h:26:
./JParticlesDef.h:54:10: warning: enumeration value 'TpPartUnknown' not handled in switch [-Wswitch]
  switch(type){
         ^~~~
In file included from JSphGpuSimple_ker.cu:22:
In file included from ./JSphGpuSimple_ker.h:24:
./DualSphDef.h:485:10: warning: enumeration value 'CELLMODE_None' not handled in switch [-Wswitch]
  switch(cellmode){
         ^~~~~~~~
3 warnings generated when compiling for host.
hipcc -c -O3 -D__HIP_PLATFORM_AMD__ -ffast-math JWaveOrder2_ker.cu
In file included from JWaveOrder2_ker.cu:24:
In file included from ./Functions.h:113:
./TypesDef.h:574:10: warning: enumeration values 'TypeNull' and 'TypeText' not handled in switch [-Wswitch]
  switch(type){
         ^~~~
1 warning generated when compiling for gfx90a.
In file included from JWaveOrder2_ker.cu:24:
In file included from ./Functions.h:113:
./TypesDef.h:574:10: warning: enumeration values 'TypeNull' and 'TypeText' not handled in switch [-Wswitch]
  switch(type){
         ^~~~
1 warning generated when compiling for host.
CC  -c -O3 -fopenmp -D_WITHGPU -std=c++0x -D__HIP_PLATFORM_AMD__ -ffast-math -I./ -IOCM_PATH/include JMLPistonsGpu.cpp 
CC  -c -O3 -fopenmp -D_WITHGPU -std=c++0x -D__HIP_PLATFORM_AMD__ -ffast-math -I./ -IOCM_PATH/include JRelaxZonesGpu.cpp 
hipcc -c -O3 -D__HIP_PLATFORM_AMD__ -ffast-math JRelaxZone_ker.cu
In file included from JRelaxZone_ker.cu:27:
In file included from ./JRelaxZone_ker.h:35:
In file included from ./DualSphDef.h:24:
./TypesDef.h:574:10: warning: enumeration values 'TypeNull' and 'TypeText' not handled in switch [-Wswitch]
  switch(type){
         ^~~~
In file included from JRelaxZone_ker.cu:27:
In file included from ./JRelaxZone_ker.h:35:
In file included from ./DualSphDef.h:26:
./JParticlesDef.h:54:10: warning: enumeration value 'TpPartUnknown' not handled in switch [-Wswitch]
  switch(type){
         ^~~~
In file included from JRelaxZone_ker.cu:27:
In file included from ./JRelaxZone_ker.h:35:
./DualSphDef.h:485:10: warning: enumeration value 'CELLMODE_None' not handled in switch [-Wswitch]
  switch(cellmode){
         ^~~~~~~~
3 warnings generated when compiling for gfx90a.
In file included from JRelaxZone_ker.cu:27:
In file included from ./JRelaxZone_ker.h:35:
In file included from ./DualSphDef.h:24:
./TypesDef.h:574:10: warning: enumeration values 'TypeNull' and 'TypeText' not handled in switch [-Wswitch]
  switch(type){
         ^~~~
In file included from JRelaxZone_ker.cu:27:
In file included from ./JRelaxZone_ker.h:35:
In file included from ./DualSphDef.h:26:
./JParticlesDef.h:54:10: warning: enumeration value 'TpPartUnknown' not handled in switch [-Wswitch]
  switch(type){
         ^~~~
In file included from JRelaxZone_ker.cu:27:
In file included from ./JRelaxZone_ker.h:35:
./DualSphDef.h:485:10: warning: enumeration value 'CELLMODE_None' not handled in switch [-Wswitch]
  switch(cellmode){
         ^~~~~~~~
3 warnings generated when compiling for host.
CC  -c -O3 -fopenmp -D_WITHGPU -std=c++0x -D__HIP_PLATFORM_AMD__ -ffast-math -I./ -IOCM_PATH/include JChronoObjects.cpp 
CC  -c -O3 -fopenmp -D_WITHGPU -std=c++0x -D__HIP_PLATFORM_AMD__ -ffast-math -I./ -IOCM_PATH/include JDsMooredFloatings.cpp 
CC  -c -O3 -fopenmp -D_WITHGPU -std=c++0x -D__HIP_PLATFORM_AMD__ -ffast-math -I./ -IOCM_PATH/include JDsFtForcePoints.cpp 
CC  -c -O3 -fopenmp -D_WITHGPU -std=c++0x -D__HIP_PLATFORM_AMD__ -ffast-math -I./ -IOCM_PATH/include JSphCpu_InOut.cpp 
CC  -c -O3 -fopenmp -D_WITHGPU -std=c++0x -D__HIP_PLATFORM_AMD__ -ffast-math -I./ -IOCM_PATH/include JSphCpuSingle_InOut.cpp 
CC  -c -O3 -fopenmp -D_WITHGPU -std=c++0x -D__HIP_PLATFORM_AMD__ -ffast-math -I./ -IOCM_PATH/include JSphInOut.cpp 
CC  -c -O3 -fopenmp -D_WITHGPU -std=c++0x -D__HIP_PLATFORM_AMD__ -ffast-math -I./ -IOCM_PATH/include JSphInOutZone.cpp 
CC  -c -O3 -fopenmp -D_WITHGPU -std=c++0x -D__HIP_PLATFORM_AMD__ -ffast-math -I./ -IOCM_PATH/include JSphInOutGridData.cpp 
CC  -c -O3 -fopenmp -D_WITHGPU -std=c++0x -D__HIP_PLATFORM_AMD__ -ffast-math -I./ -IOCM_PATH/include JSphInOutPoints.cpp 
CC  -c -O3 -fopenmp -D_WITHGPU -std=c++0x -D__HIP_PLATFORM_AMD__ -ffast-math -I./ -IOCM_PATH/include JSphInOutVel.cpp 
CC  -c -O3 -fopenmp -D_WITHGPU -std=c++0x -D__HIP_PLATFORM_AMD__ -ffast-math -I./ -IOCM_PATH/include JSphInOutVelAwas.cpp 
CC  -c -O3 -fopenmp -D_WITHGPU -std=c++0x -D__HIP_PLATFORM_AMD__ -ffast-math -I./ -IOCM_PATH/include JSphInOutZsurf.cpp 
CC  -c -O3 -fopenmp -D_WITHGPU -std=c++0x -D__HIP_PLATFORM_AMD__ -ffast-math -I./ -IOCM_PATH/include JSimpleNeigs.cpp 
CC  -c -O3 -fopenmp -D_WITHGPU -std=c++0x -D__HIP_PLATFORM_AMD__ -ffast-math -I./ -IOCM_PATH/include JSphGpuSingle_InOut.cpp 
CC  -c -O3 -fopenmp -D_WITHGPU -std=c++0x -D__HIP_PLATFORM_AMD__ -ffast-math -I./ -IOCM_PATH/include JPartNormalData.cpp 
CC  JXml.o tinystr.o tinyxml.o tinyxmlerror.o tinyxmlparser.o JMotion.o JMotionList.o JMotionMov.o JMotionObj.o JMotionPos.o JDsMotion.o Functions.o FunGeo3d.o FunSphKernelsCfg.o JAppInfo.o JBinaryData.o JCfgRunBase.o JDataArrays.o JException.o JLinearValue.o JLog2.o JObject.o JOutputCsv.o JRadixSort.o JRangeFilter.o JReadDatafile.o JSaveCsv2.o JTimeControl.o randomc.o JDsphConfig.o JDsPips.o JPartDataBi4.o JPartDataHead.o JPartFloatBi4.o JPartOutBi4Save.o JCaseCtes.o JCaseEParms.o JCaseParts.o JCaseProperties.o JCaseUserVars.o JCaseVtkOut.o JArraysCpu.o JCellDivCpu.o JSphCfgRun.o JComputeMotionRef.o JDsDcell.o JDsDamping.o JDsExtraData.o JDsGaugeItem.o JDsGaugeSystem.o JDsPartsOut.o JDsSaveDt.o JSphShifting.o JSph.o JDsAccInput.o JSphCpu.o JDsInitialize.o JFtMotionSave.o JSphMk.o JDsPartsInit.o JDsFixedDt.o JDsViscoInput.o JDsOutputTime.o JDsTimers.o JWaveSpectrumGpu.o main.o JCellDivCpuSingle.o JPartsLoad4.o JSphCpuSingle.o FunctionsCuda.o JObjectGpu.o  JArraysGpu.o JDebugSphGpu.o JCellDivGpu.o JSphGpu.o JDsGpuInfo.o  JCellDivGpuSingle.o JSphGpuSingle.o JCellDivGpu_ker.o JCellDivGpuSingle_ker.o JDsPips_ker.o JDsGauge_ker.o JReduSum_ker.o JSphShifting_ker.o JDsAccInput_ker.o JSphGpu_ker.o JSphGpuSimple_ker.o JWaveOrder2_ker.o JMLPistonsGpu.o JRelaxZonesGpu.o JRelaxZone_ker.o JChronoObjects.o JDsMooredFloatings.o JDsFtForcePoints.o JSphCpu_InOut.o JSphCpuSingle_InOut.o JSphInOut.o JSphInOutZone.o JSphInOutGridData.o JSphInOutPoints.o JSphInOutVel.o JSphInOutVelAwas.o JSphInOutZsurf.o JSimpleNeigs.o JSphGpuSingle_InOut.o JPartNormalData.o -fopenmp -lgomp -LOCM_PATH/lib -LOCM_PATH/llvm/lib -lamdhip64 -ldl -lrt -o ../../bin/linux/DualSPHysics5.2Amd_linux64_CrayCluster -L./ -L../lib/linux_gcc -ljvtklib_64 -ljnumexlib_64 -ldsphchrono -lChronoEngine  -ljwavegen_64 -ldsphmoordyn_64
rm -rf *.o
  --- Compiled Release GPU version ---
mkdir -p ../../bin/linux/AmdGpu
mv ../../bin/linux/DualSPHysics5.2Amd_linux64_CrayCluster ../../bin/linux/AmdGpu
